This is pdfTeX, Version 3.14159265-2.6-1.40.18 (TeX Live 2017/Arch Linux) (preloaded format=pdflatex 2017.11.20)  2 JAN 2018 10:13
entering extended mode
 restricted \write18 enabled.
 %&-line parsing enabled.
**aeroSW.tex
(./aeroSW.tex
LaTeX2e <2017-04-15>
Babel <3.15> and hyphenation patterns for 84 language(s) loaded.
(/usr/share/texmf-dist/tex/latex/base/article.cls
Document Class: article 2014/09/29 v1.4h Standard LaTeX document class
(/usr/share/texmf-dist/tex/latex/base/size11.clo
File: size11.clo 2014/09/29 v1.4h Standard LaTeX file (size option)
)
\c@part=\count79
\c@section=\count80
\c@subsection=\count81
\c@subsubsection=\count82
\c@paragraph=\count83
\c@subparagraph=\count84
\c@figure=\count85
\c@table=\count86
\abovecaptionskip=\skip41
\belowcaptionskip=\skip42
\bibindent=\dimen102
)
(/usr/share/texmf-dist/tex/latex/graphics/graphicx.sty
Package: graphicx 2017/06/01 v1.1a Enhanced LaTeX Graphics (DPC,SPQR)

(/usr/share/texmf-dist/tex/latex/graphics/keyval.sty
Package: keyval 2014/10/28 v1.15 key=value parser (DPC)
\KV@toks@=\toks14
)
(/usr/share/texmf-dist/tex/latex/graphics/graphics.sty
Package: graphics 2017/06/25 v1.2c Standard LaTeX Graphics (DPC,SPQR)

(/usr/share/texmf-dist/tex/latex/graphics/trig.sty
Package: trig 2016/01/03 v1.10 sin cos tan (DPC)
)
(/usr/share/texmf-dist/tex/latex/graphics-cfg/graphics.cfg
File: graphics.cfg 2016/06/04 v1.11 sample graphics configuration
)
Package graphics Info: Driver file: pdftex.def on input line 99.

(/usr/share/texmf-dist/tex/latex/graphics-def/pdftex.def
File: pdftex.def 2017/06/24 v1.0g Graphics/color driver for pdftex
))
\Gin@req@height=\dimen103
\Gin@req@width=\dimen104
)
(/usr/share/texmf-dist/tex/latex/amsfonts/amssymb.sty
Package: amssymb 2013/01/14 v3.01 AMS font symbols

(/usr/share/texmf-dist/tex/latex/amsfonts/amsfonts.sty
Package: amsfonts 2013/01/14 v3.01 Basic AMSFonts support
\@emptytoks=\toks15
\symAMSa=\mathgroup4
\symAMSb=\mathgroup5
LaTeX Font Info:    Overwriting math alphabet `\mathfrak' in version `bold'
(Font)                  U/euf/m/n --> U/euf/b/n on input line 106.
))
(/usr/share/texmf-dist/tex/latex/amsmath/amsmath.sty
Package: amsmath 2017/09/02 v2.17a AMS math features
\@mathmargin=\skip43

For additional information on amsmath, use the `?' option.
(/usr/share/texmf-dist/tex/latex/amsmath/amstext.sty
Package: amstext 2000/06/29 v2.01 AMS text

(/usr/share/texmf-dist/tex/latex/amsmath/amsgen.sty
File: amsgen.sty 1999/11/30 v2.0 generic functions
\@emptytoks=\toks16
\ex@=\dimen105
))
(/usr/share/texmf-dist/tex/latex/amsmath/amsbsy.sty
Package: amsbsy 1999/11/29 v1.2d Bold Symbols
\pmbraise@=\dimen106
)
(/usr/share/texmf-dist/tex/latex/amsmath/amsopn.sty
Package: amsopn 2016/03/08 v2.02 operator names
)
\inf@bad=\count87
LaTeX Info: Redefining \frac on input line 213.
\uproot@=\count88
\leftroot@=\count89
LaTeX Info: Redefining \overline on input line 375.
\classnum@=\count90
\DOTSCASE@=\count91
LaTeX Info: Redefining \ldots on input line 472.
LaTeX Info: Redefining \dots on input line 475.
LaTeX Info: Redefining \cdots on input line 596.
\Mathstrutbox@=\box26
\strutbox@=\box27
\big@size=\dimen107
LaTeX Font Info:    Redeclaring font encoding OML on input line 712.
LaTeX Font Info:    Redeclaring font encoding OMS on input line 713.
\macc@depth=\count92
\c@MaxMatrixCols=\count93
\dotsspace@=\muskip10
\c@parentequation=\count94
\dspbrk@lvl=\count95
\tag@help=\toks17
\row@=\count96
\column@=\count97
\maxfields@=\count98
\andhelp@=\toks18
\eqnshift@=\dimen108
\alignsep@=\dimen109
\tagshift@=\dimen110
\tagwidth@=\dimen111
\totwidth@=\dimen112
\lineht@=\dimen113
\@envbody=\toks19
\multlinegap=\skip44
\multlinetaggap=\skip45
\mathdisplay@stack=\toks20
LaTeX Info: Redefining \[ on input line 2817.
LaTeX Info: Redefining \] on input line 2818.
) (./aeroSW.aux)
\openout1 = `aeroSW.aux'.

LaTeX Font Info:    Checking defaults for OML/cmm/m/it on input line 10.
LaTeX Font Info:    ... okay on input line 10.
LaTeX Font Info:    Checking defaults for T1/cmr/m/n on input line 10.
LaTeX Font Info:    ... okay on input line 10.
LaTeX Font Info:    Checking defaults for OT1/cmr/m/n on input line 10.
LaTeX Font Info:    ... okay on input line 10.
LaTeX Font Info:    Checking defaults for OMS/cmsy/m/n on input line 10.
LaTeX Font Info:    ... okay on input line 10.
LaTeX Font Info:    Checking defaults for OMX/cmex/m/n on input line 10.
LaTeX Font Info:    ... okay on input line 10.
LaTeX Font Info:    Checking defaults for U/cmr/m/n on input line 10.
LaTeX Font Info:    ... okay on input line 10.

(/usr/share/texmf-dist/tex/context/base/mkii/supp-pdf.mkii
[Loading MPS to PDF converter (version 2006.09.02).]
\scratchcounter=\count99
\scratchdimen=\dimen114
\scratchbox=\box28
\nofMPsegments=\count100
\nofMParguments=\count101
\everyMPshowfont=\toks21
\MPscratchCnt=\count102
\MPscratchDim=\dimen115
\MPnumerator=\count103
\makeMPintoPDFobject=\count104
\everyMPtoPDFconversion=\toks22
) (/usr/share/texmf-dist/tex/latex/oberdiek/epstopdf-base.sty
Package: epstopdf-base 2016/05/15 v2.6 Base part for package epstopdf

(/usr/share/texmf-dist/tex/generic/oberdiek/infwarerr.sty
Package: infwarerr 2016/05/16 v1.4 Providing info/warning/error messages (HO)
)
(/usr/share/texmf-dist/tex/latex/oberdiek/grfext.sty
Package: grfext 2016/05/16 v1.2 Manage graphics extensions (HO)

(/usr/share/texmf-dist/tex/generic/oberdiek/kvdefinekeys.sty
Package: kvdefinekeys 2016/05/16 v1.4 Define keys (HO)

(/usr/share/texmf-dist/tex/generic/oberdiek/ltxcmds.sty
Package: ltxcmds 2016/05/16 v1.23 LaTeX kernel commands for general use (HO)
)))
(/usr/share/texmf-dist/tex/latex/oberdiek/kvoptions.sty
Package: kvoptions 2016/05/16 v3.12 Key value format for package options (HO)

(/usr/share/texmf-dist/tex/generic/oberdiek/kvsetkeys.sty
Package: kvsetkeys 2016/05/16 v1.17 Key value parser (HO)

(/usr/share/texmf-dist/tex/generic/oberdiek/etexcmds.sty
Package: etexcmds 2016/05/16 v1.6 Avoid name clashes with e-TeX commands (HO)

(/usr/share/texmf-dist/tex/generic/oberdiek/ifluatex.sty
Package: ifluatex 2016/05/16 v1.4 Provides the ifluatex switch (HO)
Package ifluatex Info: LuaTeX not detected.
)
Package etexcmds Info: Could not find \expanded.
(etexcmds)             That can mean that you are not using pdfTeX 1.50 or
(etexcmds)             that some package has redefined \expanded.
(etexcmds)             In the latter case, load this package earlier.
)))
(/usr/share/texmf-dist/tex/generic/oberdiek/pdftexcmds.sty
Package: pdftexcmds 2017/03/19 v0.25 Utility functions of pdfTeX for LuaTeX (HO
)

(/usr/share/texmf-dist/tex/generic/oberdiek/ifpdf.sty
Package: ifpdf 2017/03/15 v3.2 Provides the ifpdf switch
)
Package pdftexcmds Info: LuaTeX not detected.
Package pdftexcmds Info: \pdf@primitive is available.
Package pdftexcmds Info: \pdf@ifprimitive is available.
Package pdftexcmds Info: \pdfdraftmode found.
)
Package epstopdf-base Info: Redefining graphics rule for `.eps' on input line 4
38.
Package grfext Info: Graphics extension search list:
(grfext)             [.pdf,.png,.jpg,.mps,.jpeg,.jbig2,.jb2,.PDF,.PNG,.JPG,.JPE
G,.JBIG2,.JB2,.eps]
(grfext)             \AppendGraphicsExtensions on input line 456.

(/usr/share/texmf-dist/tex/latex/latexconfig/epstopdf-sys.cfg
File: epstopdf-sys.cfg 2010/07/13 v1.3 Configuration of (r)epstopdf for TeX Liv
e
))
LaTeX Font Info:    Try loading font information for U+msa on input line 17.

(/usr/share/texmf-dist/tex/latex/amsfonts/umsa.fd
File: umsa.fd 2013/01/14 v3.01 AMS symbols A
)
LaTeX Font Info:    Try loading font information for U+msb on input line 17.

(/usr/share/texmf-dist/tex/latex/amsfonts/umsb.fd
File: umsb.fd 2013/01/14 v3.01 AMS symbols B
)
<convergence.pdf, id=1, pagebox=cropbox, 462.52798pt x 346.89601pt>
File: convergence.pdf Graphic file (type pdf)
<use convergence.pdf>
Package pdftex.def Info: convergence.pdf  used on input line 36. on input line 
36.
Package pdftex.def Info: Requested size: 198.0011pt x 148.50072pt on input line
 36.
<ForcePower.pdf, id=2, pagebox=cropbox, 722.7pt x 346.89601pt>
File: ForcePower.pdf Graphic file (type pdf)
<use ForcePower.pdf>
Package pdftex.def Info: ForcePower.pdf  used on input line 41. on input line 4
1.
Package pdftex.def Info: Requested size: 360.0pt x 172.8018pt on input line 41.



LaTeX Warning: `!h' float specifier changed to `!ht'.

<gm_2_rf_7_v01.png, id=3, 1175.39125pt x 770.88pt>
File: gm_2_rf_7_v01.png Graphic file (type png)
<use gm_2_rf_7_v01.png>
Package pdftex.def Info: gm_2_rf_7_v01.png  used on input line 47. on input lin
e 47.
Package pdftex.def Info: Requested size: 360.0pt x 236.10023pt on input line 47
.
<gm_3_rf_7_v01.png, id=4, 1175.39125pt x 770.88pt>
File: gm_3_rf_7_v01.png Graphic file (type png)
<use gm_3_rf_7_v01.png>
Package pdftex.def Info: gm_3_rf_7_v01.png  used on input line 52. on input lin
e 52.
Package pdftex.def Info: Requested size: 360.0pt x 236.10023pt on input line 52
.
<gm_4_rf_7_v01.png, id=5, 1175.39125pt x 770.88pt>
File: gm_4_rf_7_v01.png Graphic file (type png)
<use gm_4_rf_7_v01.png>
Package pdftex.def Info: gm_4_rf_7_v01.png  used on input line 57. on input lin
e 57.
Package pdftex.def Info: Requested size: 360.0pt x 236.10023pt on input line 57
.
<gm_5_rf_7_v01.png, id=6, 1175.39125pt x 770.88pt>
File: gm_5_rf_7_v01.png Graphic file (type png)
<use gm_5_rf_7_v01.png>
Package pdftex.def Info: gm_5_rf_7_v01.png  used on input line 62. on input lin
e 62.
Package pdftex.def Info: Requested size: 360.0pt x 236.10023pt on input line 62
.
<gm_2_rf_7_v05.png, id=7, 1175.39125pt x 770.88pt>
File: gm_2_rf_7_v05.png Graphic file (type png)
<use gm_2_rf_7_v05.png>
Package pdftex.def Info: gm_2_rf_7_v05.png  used on input line 68. on input lin
e 68.
Package pdftex.def Info: Requested size: 360.0pt x 236.10023pt on input line 68
.
<gm_3_rf_7_v05.png, id=8, 1175.39125pt x 770.88pt>
File: gm_3_rf_7_v05.png Graphic file (type png)
<use gm_3_rf_7_v05.png>
Package pdftex.def Info: gm_3_rf_7_v05.png  used on input line 73. on input lin
e 73.
Package pdftex.def Info: Requested size: 360.0pt x 236.10023pt on input line 73
.
<gm_4_rf_7_v05.png, id=9, 1175.39125pt x 770.88pt>
File: gm_4_rf_7_v05.png Graphic file (type png)
<use gm_4_rf_7_v05.png>
Package pdftex.def Info: gm_4_rf_7_v05.png  used on input line 78. on input lin
e 78.
Package pdftex.def Info: Requested size: 360.0pt x 236.10023pt on input line 78
.
<gm_5_rf_7_v05.png, id=10, 1175.39125pt x 770.88pt>
File: gm_5_rf_7_v05.png Graphic file (type png)
<use gm_5_rf_7_v05.png>
Package pdftex.def Info: gm_5_rf_7_v05.png  used on input line 83. on input lin
e 83.
Package pdftex.def Info: Requested size: 360.0pt x 236.10023pt on input line 83
.
<gm_2_rf_7_v10.png, id=11, 1175.39125pt x 770.88pt>
File: gm_2_rf_7_v10.png Graphic file (type png)
<use gm_2_rf_7_v10.png>
Package pdftex.def Info: gm_2_rf_7_v10.png  used on input line 88. on input lin
e 88.
Package pdftex.def Info: Requested size: 360.0pt x 236.10023pt on input line 88
.
<gm_3_rf_7_v10.png, id=12, 1175.39125pt x 770.88pt>
File: gm_3_rf_7_v10.png Graphic file (type png)
<use gm_3_rf_7_v10.png>
Package pdftex.def Info: gm_3_rf_7_v10.png  used on input line 93. on input lin
e 93.
Package pdftex.def Info: Requested size: 360.0pt x 236.10023pt on input line 93
.
<gm_4_rf_7_v10.png, id=13, 1175.39125pt x 770.88pt>
File: gm_4_rf_7_v10.png Graphic file (type png)
<use gm_4_rf_7_v10.png>
Package pdftex.def Info: gm_4_rf_7_v10.png  used on input line 98. on input lin
e 98.
Package pdftex.def Info: Requested size: 360.0pt x 236.10023pt on input line 98
.
<gm_5_rf_7_v10.png, id=14, 1175.39125pt x 770.88pt>
File: gm_5_rf_7_v10.png Graphic file (type png)
<use gm_5_rf_7_v10.png>
Package pdftex.def Info: gm_5_rf_7_v10.png  used on input line 103. on input li
ne 103.
Package pdftex.def Info: Requested size: 360.0pt x 236.10023pt on input line 10
3.
[1

{/var/lib/texmf/fonts/map/pdftex/updmap/pdftex.map} <./convergence.pdf>]
[2 <./ForcePower.pdf> <./gm_2_rf_7_v01.png (PNG copy)>] [3 <./gm_3_rf_7_v01.png
 (PNG copy)> <./gm_4_rf_7_v01.png (PNG copy)>] [4 <./gm_5_rf_7_v01.png (PNG cop
y)> <./gm_2_rf_7_v05.png (PNG copy)>] [5 <./gm_3_rf_7_v05.png (PNG copy)> <./gm
_4_rf_7_v05.png (PNG copy)>] [6 <./gm_5_rf_7_v05.png (PNG copy)> <./gm_2_rf_7_v
10.png (PNG copy)>] [7 <./gm_3_rf_7_v10.png (PNG copy)> <./gm_4_rf_7_v10.png (P
NG copy)>] [8 <./gm_5_rf_7_v10.png (PNG copy)>]
<gm_5_rf_7_v10_roof0.png, id=76, 1175.39125pt x 770.88pt>
File: gm_5_rf_7_v10_roof0.png Graphic file (type png)
<use gm_5_rf_7_v10_roof0.png>
Package pdftex.def Info: gm_5_rf_7_v10_roof0.png  used on input line 112. on in
put line 112.
Package pdftex.def Info: Requested size: 360.0pt x 236.10023pt on input line 11
2.
<gm_5_rf_7_v05_roof1.png, id=77, 1175.39125pt x 770.88pt>
File: gm_5_rf_7_v05_roof1.png Graphic file (type png)
<use gm_5_rf_7_v05_roof1.png>
Package pdftex.def Info: gm_5_rf_7_v05_roof1.png  used on input line 118. on in
put line 118.
Package pdftex.def Info: Requested size: 360.0pt x 236.10023pt on input line 11
8.
<gm_5_rf_7_v10_roof1.png, id=78, 1175.39125pt x 770.88pt>
File: gm_5_rf_7_v10_roof1.png Graphic file (type png)
<use gm_5_rf_7_v10_roof1.png>
Package pdftex.def Info: gm_5_rf_7_v10_roof1.png  used on input line 123. on in
put line 123.
Package pdftex.def Info: Requested size: 360.0pt x 236.10023pt on input line 12
3.
<roof1_sidefender.png, id=79, 546.54187pt x 421.575pt>
File: roof1_sidefender.png Graphic file (type png)
<use roof1_sidefender.png>
Package pdftex.def Info: roof1_sidefender.png  used on input line 128. on input
 line 128.
Package pdftex.def Info: Requested size: 360.0pt x 277.68713pt on input line 12
8.
<gm_5_rf_7_v10_roof1_sidefender.png, id=80, 1175.39125pt x 770.88pt>
File: gm_5_rf_7_v10_roof1_sidefender.png Graphic file (type png)
<use gm_5_rf_7_v10_roof1_sidefender.png>
Package pdftex.def Info: gm_5_rf_7_v10_roof1_sidefender.png  used on input line
 133. on input line 133.
Package pdftex.def Info: Requested size: 360.0pt x 236.10023pt on input line 13
3.
<roof2.png, id=81, 549.55313pt x 439.6425pt>
File: roof2.png Graphic file (type png)
<use roof2.png>
Package pdftex.def Info: roof2.png  used on input line 139. on input line 139.
Package pdftex.def Info: Requested size: 360.0pt x 288.00484pt on input line 13
9.
<gm_5_rf_7_v10_roof2.png, id=82, 1175.39125pt x 770.88pt>
File: gm_5_rf_7_v10_roof2.png Graphic file (type png)
<use gm_5_rf_7_v10_roof2.png>
Package pdftex.def Info: gm_5_rf_7_v10_roof2.png  used on input line 144. on in
put line 144.
Package pdftex.def Info: Requested size: 360.0pt x 236.10023pt on input line 14
4.
<roof2_sidefender.png, id=83, 549.55313pt x 439.6425pt>
File: roof2_sidefender.png Graphic file (type png)
<use roof2_sidefender.png>
Package pdftex.def Info: roof2_sidefender.png  used on input line 149. on input
 line 149.
Package pdftex.def Info: Requested size: 360.0pt x 288.00484pt on input line 14
9.
<gm_5_rf_7_v10_roof2_sidefender.png, id=84, 1175.39125pt x 770.88pt>
File: gm_5_rf_7_v10_roof2_sidefender.png Graphic file (type png)
<use gm_5_rf_7_v10_roof2_sidefender.png>
Package pdftex.def Info: gm_5_rf_7_v10_roof2_sidefender.png  used on input line
 154. on input line 154.
Package pdftex.def Info: Requested size: 360.0pt x 236.10023pt on input line 15
4.
 [9

 <./gm_5_rf_7_v10_roof0.png (PNG copy)>] [10 <./gm_5_rf_7_v05_roof1.png (PNG co
py)>] [11 <./gm_5_rf_7_v10_roof1.png (PNG copy)>] [12 <./roof1_sidefender.png>]
 [13 <./gm_5_rf_7_v10_roof1_sidefender.png (PNG copy)>] [14 <./roof2.png>] [15 
<./gm_5_rf_7_v10_roof2.png (PNG copy)>] [16 <./roof2_sidefender.png>] [17 <./gm
_5_rf_7_v10_roof2_sidefender.png (PNG copy)>] (./aeroSW.aux) ) 
Here is how much of TeX's memory you used:
 2439 strings out of 492985
 32629 string characters out of 6138637
 91068 words of memory out of 5000000
 5956 multiletter control sequences out of 15000+600000
 8893 words of font info for 34 fonts, out of 8000000 for 9000
 1141 hyphenation exceptions out of 8191
 41i,7n,26p,273b,221s stack positions out of 5000i,500n,10000p,200000b,80000s
</usr/share/texmf
-dist/fonts/type1/public/amsfonts/cm/cmbx12.pfb></usr/share/texmf-dist/fonts/ty
pe1/public/amsfonts/cm/cmmi10.pfb></usr/share/texmf-dist/fonts/type1/public/ams
fonts/cm/cmmi12.pfb></usr/share/texmf-dist/fonts/type1/public/amsfonts/cm/cmr10
.pfb></usr/share/texmf-dist/fonts/type1/public/amsfonts/cm/cmr17.pfb></usr/shar
e/texmf-dist/fonts/type1/public/amsfonts/cm/cmss17.pfb></usr/share/texmf-dist/f
onts/type1/public/amsfonts/cm/cmsy10.pfb>
Output written on aeroSW.pdf (17 pages, 819222 bytes).
PDF statistics:
 131 PDF objects out of 1000 (max. 8388607)
 76 compressed objects within 1 object stream
 0 named destinations out of 1000 (max. 500000)
 116 words of extra memory for PDF output out of 10000 (max. 10000000)

